<?xml version="1.0" encoding="UTF-8"?>
<!-- Generated by org.testng.reporters.JUnitXMLReporter -->
<testsuite ignored="0" hostname="cucumber" failures="0" tests="9" name="TestA" time="35.442" errors="0" timestamp="12 Jun 2022 06:58:12 GMT">
  <testcase classname="com.supermarket.tests.LoginTest" name="verifyInvalidLoginCredentials" time="0.947"/>
  <testcase classname="com.supermarket.tests.LoginTest" name="verifyLogin" time="1.468"/>
  <testcase classname="com.supermarket.tests.LoginTest" name="verifyUser" time="0.597"/>
  <testcase classname="com.supermarket.tests.LoginTest" name="verifyUser" time="1.34"/>
  <testcase classname="com.supermarket.tests.LoginTest" name="verifyUser" time="1.384"/>
  <testcase classname="com.supermarket.tests.LoginTest" name="verifyUser" time="1.439"/>
  <testcase classname="com.supermarket.tests.LoginTest" name="verifyUserLogin" time="1.425"/>
  <testcase classname="com.supermarket.tests.LoginTest" name="verifyUserLogin" time="0.549"/>
  <testcase classname="com.supermarket.tests.LoginTest" name="verifyUserLogin" time="1.713"/>
</testsuite> <!-- TestA -->
