<?xml version="1.0" encoding="UTF-8"?>
<testng-results ignored="0" total="2" passed="2" failed="0" skipped="0">
  <reporter-output>
  </reporter-output>
  <suite started-at="2022-06-11T11:28:31Z" name="com.supermarket.tests.LoginTest" finished-at="2022-06-11T11:28:39Z" duration-ms="8404">
    <groups>
    </groups>
    <test started-at="2022-06-11T11:28:31Z" name="Command line test" finished-at="2022-06-11T11:28:39Z" duration-ms="8404">
      <class name="com.supermarket.tests.LoginTest">
        <test-method is-config="true" signature="setUp()[pri:0, instance:com.supermarket.tests.LoginTest@58a90037]" started-at="2022-06-11T11:28:31Z" name="setUp" finished-at="2022-06-11T11:28:34Z" duration-ms="3680" status="PASS">
          <reporter-output>
          </reporter-output>
        </test-method> <!-- setUp -->
        <test-method signature="verifyInvalidLoginCredentials()[pri:0, instance:com.supermarket.tests.LoginTest@58a90037]" started-at="2022-06-11T11:28:34Z" name="verifyInvalidLoginCredentials" finished-at="2022-06-11T11:28:35Z" duration-ms="159" status="PASS">
          <reporter-output>
          </reporter-output>
        </test-method> <!-- verifyInvalidLoginCredentials -->
        <test-method is-config="true" signature="tearDown()[pri:0, instance:com.supermarket.tests.LoginTest@58a90037]" started-at="2022-06-11T11:28:35Z" name="tearDown" finished-at="2022-06-11T11:28:35Z" duration-ms="0" status="PASS">
          <reporter-output>
          </reporter-output>
        </test-method> <!-- tearDown -->
        <test-method is-config="true" signature="setUp()[pri:0, instance:com.supermarket.tests.LoginTest@58a90037]" started-at="2022-06-11T11:28:35Z" name="setUp" finished-at="2022-06-11T11:28:37Z" duration-ms="2504" status="PASS">
          <reporter-output>
          </reporter-output>
        </test-method> <!-- setUp -->
        <test-method signature="verifyLogin()[pri:0, instance:com.supermarket.tests.LoginTest@58a90037]" started-at="2022-06-11T11:28:37Z" name="verifyLogin" finished-at="2022-06-11T11:28:39Z" duration-ms="2048" status="PASS">
          <reporter-output>
          </reporter-output>
        </test-method> <!-- verifyLogin -->
        <test-method is-config="true" signature="tearDown()[pri:0, instance:com.supermarket.tests.LoginTest@58a90037]" started-at="2022-06-11T11:28:39Z" name="tearDown" finished-at="2022-06-11T11:28:39Z" duration-ms="0" status="PASS">
          <reporter-output>
          </reporter-output>
        </test-method> <!-- tearDown -->
      </class> <!-- com.supermarket.tests.LoginTest -->
    </test> <!-- Command line test -->
  </suite> <!-- com.supermarket.tests.LoginTest -->
</testng-results>
