<?xml version="1.0" encoding="UTF-8"?>
<!-- Generated by org.testng.reporters.JUnitXMLReporter -->
<testsuite ignored="0" hostname="cucumber" failures="0" tests="9" name="demoFirst" time="28.546" errors="0" timestamp="12 Jun 2022 06:42:43 GMT">
  <testcase classname="com.supermarket.tests.LoginTest" name="verifyInvalidLoginCredentials" time="0.66"/>
  <testcase classname="com.supermarket.tests.LoginTest" name="verifyLogin" time="1.388"/>
  <testcase classname="com.supermarket.tests.LoginTest" name="verifyUser" time="0.555"/>
  <testcase classname="com.supermarket.tests.LoginTest" name="verifyUser" time="1.369"/>
  <testcase classname="com.supermarket.tests.LoginTest" name="verifyUser" time="1.377"/>
  <testcase classname="com.supermarket.tests.LoginTest" name="verifyUser" time="1.344"/>
  <testcase classname="com.supermarket.tests.LoginTest" name="verifyUserLogin" time="1.453"/>
  <testcase classname="com.supermarket.tests.LoginTest" name="verifyUserLogin" time="0.544"/>
  <testcase classname="com.supermarket.tests.LoginTest" name="verifyUserLogin" time="1.362"/>
</testsuite> <!-- demoFirst -->
