<?xml version="1.0" encoding="UTF-8"?>
<!-- Generated by org.testng.reporters.JUnitXMLReporter -->
<testsuite ignored="5" hostname="cucumber" failures="0" tests="1" name="smokeTest" time="7.425" errors="0" timestamp="12 Jun 2022 13:52:39 GMT">
  <testcase classname="com.supermarket.tests.ManageUsersTest" name="manageUsersDelete" time="4.526"/>
  <testcase classname="com.supermarket.tests.LoginTest" name="verifyUser" time="0.0">
    <ignored/>
  </testcase> <!-- verifyUser -->
  <testcase classname="com.supermarket.tests.AdminUsersTest" name="createUser" time="0.0">
    <ignored/>
  </testcase> <!-- createUser -->
  <testcase classname="com.supermarket.tests.LoginTest" name="verifyLogin" time="0.0">
    <ignored/>
  </testcase> <!-- verifyLogin -->
  <testcase classname="com.supermarket.tests.LoginTest" name="verifyInvalidLoginCredentials" time="0.0">
    <ignored/>
  </testcase> <!-- verifyInvalidLoginCredentials -->
  <testcase classname="com.supermarket.tests.LoginTest" name="verifyUserLogin" time="0.0">
    <ignored/>
  </testcase> <!-- verifyUserLogin -->
</testsuite> <!-- smokeTest -->
